<?xml version="1.0" encoding="UTF-8"?>
<!-- Generated by org.testng.reporters.JUnitReportReporter -->
<testsuite hostname="PACSG1957NLN" failures="0" tests="1" name="Hello7.day2" time="0.005" errors="0" timestamp="2024-12-02T16:42:53 SGT" skipped="0">
  <testcase classname="Hello7.day2" name="ploan" time="0.005"/>
</testsuite> <!-- Hello7.day2 -->
